<?xml version="1.0" encoding="UTF-8"?>
<!-- Generated by org.testng.reporters.JUnitReportReporter -->
<testsuite hostname="PUNITP289549L" name="com.DemoBlaze.SeleniumGit.Demo1" tests="2" failures="0" timestamp="2 Jun 2020 10:53:59 GMT" time="0.012" errors="0">
  <testcase name="m2" time="0.003" classname="com.DemoBlaze.SeleniumGit.Demo1"/>
  <testcase name="m1" time="0.009" classname="com.DemoBlaze.SeleniumGit.Demo1"/>
</testsuite> <!-- com.DemoBlaze.SeleniumGit.Demo1 -->
