<?xml version="1.0" encoding="UTF-8"?>
<!-- Generated by org.testng.reporters.JUnitReportReporter -->
<testsuite hostname="PUNITP289549L" name="com.DemoBlaze.SeleniumGit.Demo2" tests="1" failures="0" timestamp="2 Jun 2020 10:53:59 GMT" time="0.003" errors="0">
  <testcase name="m3" time="0.003" classname="com.DemoBlaze.SeleniumGit.Demo2"/>
</testsuite> <!-- com.DemoBlaze.SeleniumGit.Demo2 -->
